TN:
SF:src/models/user.model.ts
FN:3,(anonymous_6)
FNF:1
FNH:1
FNDA:2,(anonymous_6)
DA:1,2
DA:3,2
DA:4,2
DA:5,2
DA:8,2
DA:28,2
LF:6
LH:6
BRDA:3,0,0,2
BRDA:3,0,1,2
BRDA:29,1,0,2
BRDA:29,1,1,2
BRF:4
BRH:4
end_of_record
TN:
SF:src/services/auth/login.service.ts
FN:8,(anonymous_8)
FN:8,(anonymous_9)
FNF:2
FNH:2
FNDA:3,(anonymous_8)
FNDA:3,(anonymous_9)
DA:1,1
DA:2,1
DA:3,1
DA:5,1
DA:6,1
DA:8,3
DA:9,3
DA:11,3
DA:12,1
DA:15,2
DA:16,2
DA:17,1
DA:20,1
DA:21,1
DA:27,1
DA:28,1
LF:16
LH:16
BRDA:11,0,0,1
BRDA:15,1,0,0
BRDA:15,1,1,2
BRDA:15,2,0,2
BRDA:15,2,1,2
BRDA:16,3,0,1
BRF:6
BRH:5
end_of_record
TN:
SF:src/services/auth/register.service.ts
FN:10,(anonymous_8)
FN:10,(anonymous_9)
FNF:2
FNH:2
FNDA:3,(anonymous_8)
FNDA:3,(anonymous_9)
DA:2,1
DA:3,1
DA:6,1
DA:7,1
DA:8,1
DA:10,3
DA:11,3
DA:12,1
DA:14,2
DA:15,2
DA:16,1
DA:18,1
DA:22,1
DA:23,1
DA:24,1
DA:26,1
DA:27,1
DA:28,1
DA:32,1
DA:33,1
DA:34,1
DA:37,0
DA:39,1
DA:42,1
DA:48,1
DA:50,1
DA:51,1
DA:56,1
DA:58,1
DA:61,1
LF:30
LH:29
BRDA:11,0,0,1
BRDA:15,1,0,1
BRDA:32,2,0,1
BRF:3
BRH:3
end_of_record
TN:
SF:src/utils/envs.ts
FNF:0
FNH:0
DA:1,2
DA:2,2
DA:4,2
DA:5,2
DA:6,2
DA:7,2
LF:6
LH:6
BRF:0
BRH:0
end_of_record
TN:
SF:src/utils/error-maker.ts
FN:1,(anonymous_0)
FNF:1
FNH:0
FNDA:0,(anonymous_0)
DA:1,2
DA:2,0
DA:3,0
DA:4,0
LF:4
LH:1
BRF:0
BRH:0
end_of_record
